

***********************************************************
          LOGGING STARTED Sat Apr 21 13:34:32 2012
***********************************************************

2012-04-21 13:34:32.562 SLOGALWAYS (Fo_main.c 268) 
  Executing '..\..\bin\foundry'
  Input TDL file         : '..\..\mvl\usr\gse_mgmt\uca_obj.odf'
  Configuration file     : '..\..\mvl\util\foundry\win32\align.cfg'
  Output 'C' file        : '..\..\mvl\usr\gse_mgmt\uca_obj.c'
  Output 'H' file        : '..\..\mvl\usr\gse_mgmt\uca_obj.h'
  Output 'LAP XML' file  : '..\..\mvl\usr\gse_mgmt\lap_out.xml'
  Output 'Lefttodo' file : '..\..\mvl\usr\gse_mgmt\lefttodo.txt'

2012-04-21 13:34:32.609 SLOGALWAYS (Fo_parse.c 157) 
  Searching for object definitions: 
  String 2 = '../../mvl/util/foundry/iec61850'
  
    currFile = '..\..\mvl\usr\gse_mgmt\uca_obj.odf'
  String 2 = '../../mvl/util/foundry/uca09'
  
    currFile = '..\..\mvl\usr\gse_mgmt\uca_obj.odf'
  String 2 = 'MVL_UCA'
  
    currFile = '..\..\mvl\usr\gse_mgmt\uca_obj.odf'
  String 2 = 'MVLU_USE_REF'
  
    currFile = '..\..\mvl\usr\gse_mgmt\uca_obj.odf'
  String 2 = ':TV'
  Type Unique Flag = 'FALSE'
  Type Unique Flag = 'FALSE'
  Type Base Flag = 'FALSE'
  Type Delete Unused Flag = 'TRUE'
  Type UCA Flag = 'FALSE'
  
    currFile = '..\..\mvl\usr\gse_mgmt\uca_obj.odf'

2012-04-21 13:34:32.609 SLOGALWAYS (Fo_opt.c 62) 
  Removing transient and unreferenced base types ...

2012-04-21 13:34:32.609 SLOGALWAYS (Fo_opt.c 109) 
  Eliminating Twins

2012-04-21 13:34:32.625 SLOGALWAYS (Fo_write.c 167) 
  Writing output files ...

2012-04-21 13:34:32.625 SLOGALWAYS (Fo_write.c 919) 
  WRITING VARIABLE INITIALIZATION CODE

2012-04-21 13:34:32.625 SLOGALWAYS (Fo_write.c 560) 
  WRITING DOMAIN INITIALIZATION CODE

2012-04-21 13:34:32.625 SLOGALWAYS (Fo_write.c 721) 
  WRITING AA INITIALIZATION CODE

2012-04-21 13:34:32.625 SLOGALWAYS (Fo_write.c 1019) 
  WRITING VARIABLE LIST INITIALIZATION CODE

2012-04-21 13:34:32.625 SLOGALWAYS (Fo_write.c 654) 
  WRITING DOMAIN INITIALIZATION CODE

2012-04-21 13:34:32.625 SLOGALWAYS (Fo_write.c 829) 
  WRITING AA VARIABLE LIST INITIALIZATION CODE

2012-04-21 13:34:32.625 SLOGALWAYS (Fo_write.c 1361) 
  WRITING JOURNAL INITIALIZATION CODE

2012-04-21 13:34:32.625 SLOGALWAYS (Fo_write.c 1204) 
  WRITING RUNTIME TYPES

2012-04-21 13:34:32.625 MEM_LOG_DUMP (Mem_chks.c 1299) 
  DYNAMIC MEMORY POINTER TABLE
----------------------------  
  Ptr 003ce264  Size    23  File : ..\..\Mvl\Util\foundry\Fo_uca.c #1762
  Ptr 003ce224  Size    24  File : ..\..\Mvl\Util\foundry\Fo_uca.c #1750
  Ptr 003ce1e4  Size    17  File : ..\..\Mvl\Util\foundry\Fo_uca.c #1749
  Ptr 003ce194  Size    36  File : ..\..\Mvl\Util\foundry\Fo_uca.c #1747
  Ptr 003ce154  Size    23  File : ..\..\Mvl\Util\foundry\Fo_uca.c #1762
  Ptr 003ce114  Size    24  File : ..\..\Mvl\Util\foundry\Fo_uca.c #1750
  Ptr 003ce0d4  Size    17  File : ..\..\Mvl\Util\foundry\Fo_uca.c #1749
  Ptr 003ce084  Size    36  File : ..\..\Mvl\Util\foundry\Fo_uca.c #1747
  Ptr 003caf7c  Size   200  File : ..\..\Mvl\Util\foundry\Fo_uca.c #1449
  Ptr 003cac24  Size   816  File : ..\..\Mvl\Util\foundry\Fo_uca.c #1549
  Ptr 003ca8cc  Size   816  File : ..\..\Mvl\Util\foundry\Fo_uca.c #1549
  Ptr 003ca574  Size   816  File : ..\..\Mvl\Util\foundry\Fo_uca.c #1549
  Ptr 003c9214  Size   816  File : ..\..\Mvl\Util\foundry\Fo_uca.c #1549
  ---- END OF MEMORY POINTER TABLE ----------
  Total number of allocated pointers:   13
  Total amount of memory allocated:     3664 bytes 
  Maximum number of pointers allocated: 14
  Maximum amount of memory allocated:   253664 bytes