This file contains any messages produced by compilers while
running configure, to aid debugging if configure makes a mistake.

It was created by breakpad configure 0.1, which was
generated by GNU Autoconf 2.69.  Invocation command line was

  $ ./configure CC=arm-linux-gnueabihf-gcc CXX=arm-linux-gnueabihf-g++ AR=arm-linux-gnueabihf-gcc-ar RANLIB=arm-linux-gnueabihf-gcc-ranlib --host=arm-linux-gnueabihf

## --------- ##
## Platform. ##
## --------- ##

hostname = zynq-virtual-machine
uname -m = i686
uname -r = 4.15.0-128-generic
uname -s = Linux
uname -v = #131~16.04.1-Ubuntu SMP Wed Dec 9 17:33:10 UTC 2020

/usr/bin/uname -p = unknown
/bin/uname -X     = unknown

/bin/arch              = unknown
/usr/bin/arch -k       = unknown
/usr/convex/getsysinfo = unknown
/usr/bin/hostinfo      = unknown
/bin/machine           = unknown
/usr/bin/oslevel       = unknown
/bin/universe          = unknown

PATH: /home/zynq/bin
PATH: /home/zynq/.local/bin
PATH: /usr/local/sbin
PATH: /usr/local/bin
PATH: /usr/sbin
PATH: /usr/bin
PATH: /sbin
PATH: /bin
PATH: /usr/games
PATH: /usr/local/games
PATH: /snap/bin
PATH: /home/zynq/go/bin
PATH: /home/zynq/CodeSourcery/Sourcery_CodeBench_Lite_for_Xilinx_GNU_Linux/bin
PATH: /home/zynq/PTU/protobuf/bin/


## ----------- ##
## Core tests. ##
## ----------- ##

configure:2216: checking build system type
configure:2230: result: i686-pc-linux-gnu
configure:2250: checking host system type
configure:2263: result: arm-unknown-linux-gnueabihf
configure:2300: checking for a BSD-compatible install
configure:2368: result: /usr/bin/install -c
configure:2379: checking whether build environment is sane
configure:2434: result: yes
configure:2493: checking for arm-linux-gnueabihf-strip
configure:2523: result: no
configure:2533: checking for strip
configure:2549: found /usr/bin/strip
configure:2560: result: strip
configure:2585: checking for a thread-safe mkdir -p
configure:2624: result: /bin/mkdir -p
configure:2631: checking for gawk
configure:2661: result: no
configure:2631: checking for mawk
configure:2647: found /usr/bin/mawk
configure:2658: result: mawk
configure:2669: checking whether make sets $(MAKE)
configure:2691: result: yes
configure:2720: checking whether make supports nested variables
configure:2737: result: yes
configure:2826: checking whether UID '1000' is supported by ustar format
configure:2829: result: yes
configure:2836: checking whether GID '1000' is supported by ustar format
configure:2839: result: yes
configure:2847: checking how to create a ustar tar archive
configure:2858: tar --version
tar (GNU tar) 1.28
Copyright (C) 2014 Free Software Foundation, Inc.
License GPLv3+: GNU GPL version 3 or later <http://gnu.org/licenses/gpl.html>.
This is free software: you are free to change and redistribute it.
There is NO WARRANTY, to the extent permitted by law.

Written by John Gilmore and Jay Fenlason.
configure:2861: $? = 0
configure:2901: tardir=conftest.dir && eval tar --format=ustar -chf - "$tardir" >conftest.tar
configure:2904: $? = 0
configure:2908: tar -xf - <conftest.tar
configure:2911: $? = 0
configure:2913: cat conftest.dir/file
GrepMe
configure:2916: $? = 0
configure:2929: result: gnutar
configure:2981: checking whether to enable maintainer-specific portions of Makefiles
configure:2990: result: no
configure:3016: checking for style of include used by make
configure:3044: result: GNU
configure:3075: checking for arm-linux-gnueabihf-gcc
configure:3102: result: arm-linux-gnueabihf-gcc
configure:3371: checking for C compiler version
configure:3380: arm-linux-gnueabihf-gcc --version >&5
./configure: line 3382: arm-linux-gnueabihf-gcc: command not found
configure:3391: $? = 127
configure:3380: arm-linux-gnueabihf-gcc -v >&5
./configure: line 3382: arm-linux-gnueabihf-gcc: command not found
configure:3391: $? = 127
configure:3380: arm-linux-gnueabihf-gcc -V >&5
./configure: line 3382: arm-linux-gnueabihf-gcc: command not found
configure:3391: $? = 127
configure:3380: arm-linux-gnueabihf-gcc -qversion >&5
./configure: line 3382: arm-linux-gnueabihf-gcc: command not found
configure:3391: $? = 127
configure:3411: checking whether the C compiler works
configure:3433: arm-linux-gnueabihf-gcc    conftest.c  >&5
./configure: line 3435: arm-linux-gnueabihf-gcc: command not found
configure:3437: $? = 127
configure:3475: result: no
configure: failed program was:
| /* confdefs.h */
| #define PACKAGE_NAME "breakpad"
| #define PACKAGE_TARNAME "breakpad"
| #define PACKAGE_VERSION "0.1"
| #define PACKAGE_STRING "breakpad 0.1"
| #define PACKAGE_BUGREPORT "google-breakpad-dev@googlegroups.com"
| #define PACKAGE_URL ""
| #define PACKAGE "breakpad"
| #define VERSION "0.1"
| /* end confdefs.h.  */
| 
| int
| main ()
| {
| 
|   ;
|   return 0;
| }
configure:3480: error: in `/mnt/hgfs/work/Module/breakpad':
configure:3482: error: C compiler cannot create executables
See `config.log' for more details

## ---------------- ##
## Cache variables. ##
## ---------------- ##

ac_cv_build=i686-pc-linux-gnu
ac_cv_env_CCASFLAGS_set=
ac_cv_env_CCASFLAGS_value=
ac_cv_env_CCAS_set=
ac_cv_env_CCAS_value=
ac_cv_env_CCC_set=
ac_cv_env_CCC_value=
ac_cv_env_CC_set=set
ac_cv_env_CC_value=arm-linux-gnueabihf-gcc
ac_cv_env_CFLAGS_set=
ac_cv_env_CFLAGS_value=
ac_cv_env_CPPFLAGS_set=
ac_cv_env_CPPFLAGS_value=
ac_cv_env_CPP_set=
ac_cv_env_CPP_value=
ac_cv_env_CXXFLAGS_set=
ac_cv_env_CXXFLAGS_value=
ac_cv_env_CXX_set=set
ac_cv_env_CXX_value=arm-linux-gnueabihf-g++
ac_cv_env_LDFLAGS_set=
ac_cv_env_LDFLAGS_value=
ac_cv_env_LIBS_set=
ac_cv_env_LIBS_value=
ac_cv_env_build_alias_set=
ac_cv_env_build_alias_value=
ac_cv_env_host_alias_set=set
ac_cv_env_host_alias_value=arm-linux-gnueabihf
ac_cv_env_target_alias_set=
ac_cv_env_target_alias_value=
ac_cv_host=arm-unknown-linux-gnueabihf
ac_cv_path_install='/usr/bin/install -c'
ac_cv_path_mkdir=/bin/mkdir
ac_cv_prog_AWK=mawk
ac_cv_prog_CC=arm-linux-gnueabihf-gcc
ac_cv_prog_ac_ct_STRIP=strip
ac_cv_prog_make_make_set=yes
am_cv_make_support_nested_variables=yes
am_cv_prog_tar_ustar=gnutar

## ----------------- ##
## Output variables. ##
## ----------------- ##

ACLOCAL='${SHELL} /mnt/hgfs/work/Module/breakpad/autotools/missing aclocal-1.14'
AMDEPBACKSLASH='\'
AMDEP_FALSE='#'
AMDEP_TRUE=''
AMTAR='$${TAR-tar}'
AM_BACKSLASH='\'
AM_DEFAULT_V='$(AM_DEFAULT_VERBOSITY)'
AM_DEFAULT_VERBOSITY='1'
AM_V='$(V)'
ANDROID_HOST_FALSE=''
ANDROID_HOST_TRUE=''
AUTOCONF='${SHELL} /mnt/hgfs/work/Module/breakpad/autotools/missing autoconf'
AUTOHEADER='${SHELL} /mnt/hgfs/work/Module/breakpad/autotools/missing autoheader'
AUTOMAKE='${SHELL} /mnt/hgfs/work/Module/breakpad/autotools/missing automake-1.14'
AWK='mawk'
CC='arm-linux-gnueabihf-gcc'
CCAS=''
CCASDEPMODE=''
CCASFLAGS=''
CCDEPMODE=''
CFLAGS=''
CPP=''
CPPFLAGS=''
CXX='arm-linux-gnueabihf-g++'
CXXDEPMODE=''
CXXFLAGS=''
CYGPATH_W='echo'
DEFS=''
DEPDIR='.deps'
DISABLE_PROCESSOR_FALSE=''
DISABLE_PROCESSOR_TRUE=''
DISABLE_TOOLS_FALSE=''
DISABLE_TOOLS_TRUE=''
ECHO_C=''
ECHO_N='-n'
ECHO_T=''
EGREP=''
EXEEXT=''
GCC_FALSE=''
GCC_TRUE=''
GREP=''
INSTALL_DATA='${INSTALL} -m 644'
INSTALL_PROGRAM='${INSTALL}'
INSTALL_SCRIPT='${INSTALL}'
INSTALL_STRIP_PROGRAM='$(install_sh) -c -s'
LDFLAGS=''
LIBOBJS=''
LIBS=''
LINUX_HOST_FALSE=''
LINUX_HOST_TRUE=''
LTLIBOBJS=''
MAINT='#'
MAINTAINER_MODE_FALSE=''
MAINTAINER_MODE_TRUE='#'
MAKEINFO='${SHELL} /mnt/hgfs/work/Module/breakpad/autotools/missing makeinfo'
MKDIR_P='/bin/mkdir -p'
OBJEXT=''
PACKAGE='breakpad'
PACKAGE_BUGREPORT='google-breakpad-dev@googlegroups.com'
PACKAGE_NAME='breakpad'
PACKAGE_STRING='breakpad 0.1'
PACKAGE_TARNAME='breakpad'
PACKAGE_URL=''
PACKAGE_VERSION='0.1'
PATH_SEPARATOR=':'
PTHREAD_CC=''
PTHREAD_CFLAGS=''
PTHREAD_LIBS=''
RANLIB='arm-linux-gnueabihf-gcc-ranlib'
SELFTEST_FALSE=''
SELFTEST_TRUE=''
SET_MAKE=''
SHELL='/bin/sh'
STRIP='strip'
VERSION='0.1'
ac_ct_CC=''
ac_ct_CXX=''
am__EXEEXT_FALSE=''
am__EXEEXT_TRUE=''
am__fastdepCCAS_FALSE=''
am__fastdepCCAS_TRUE=''
am__fastdepCC_FALSE=''
am__fastdepCC_TRUE=''
am__fastdepCXX_FALSE=''
am__fastdepCXX_TRUE=''
am__include='include'
am__isrc=''
am__leading_dot='.'
am__nodep='_no'
am__quote=''
am__tar='tar --format=ustar -chf - "$$tardir"'
am__untar='tar -xf -'
ax_pthread_config=''
bindir='${exec_prefix}/bin'
build='i686-pc-linux-gnu'
build_alias=''
build_cpu='i686'
build_os='linux-gnu'
build_vendor='pc'
datadir='${datarootdir}'
datarootdir='${prefix}/share'
docdir='${datarootdir}/doc/${PACKAGE_TARNAME}'
dvidir='${docdir}'
exec_prefix='NONE'
host='arm-unknown-linux-gnueabihf'
host_alias='arm-linux-gnueabihf'
host_cpu='arm'
host_os='linux-gnueabihf'
host_vendor='unknown'
htmldir='${docdir}'
includedir='${prefix}/include'
infodir='${datarootdir}/info'
install_sh='${SHELL} /mnt/hgfs/work/Module/breakpad/autotools/install-sh'
libdir='${exec_prefix}/lib'
libexecdir='${exec_prefix}/libexec'
localedir='${datarootdir}/locale'
localstatedir='${prefix}/var'
mandir='${datarootdir}/man'
mkdir_p='$(MKDIR_P)'
oldincludedir='/usr/include'
pdfdir='${docdir}'
prefix='NONE'
program_transform_name='s,x,x,'
psdir='${docdir}'
sbindir='${exec_prefix}/sbin'
sharedstatedir='${prefix}/com'
sysconfdir='${prefix}/etc'
target_alias=''

## ----------- ##
## confdefs.h. ##
## ----------- ##

/* confdefs.h */
#define PACKAGE_NAME "breakpad"
#define PACKAGE_TARNAME "breakpad"
#define PACKAGE_VERSION "0.1"
#define PACKAGE_STRING "breakpad 0.1"
#define PACKAGE_BUGREPORT "google-breakpad-dev@googlegroups.com"
#define PACKAGE_URL ""
#define PACKAGE "breakpad"
#define VERSION "0.1"

configure: exit 77
